-------------------------------------------------------------------------------
Test set: GruppoPBDMNG_6.PithyURL.Util.ShortLinkGeneratorTest
-------------------------------------------------------------------------------
Tests run: 1, Failures: 0, Errors: 1, Skipped: 0, Time elapsed: 0.234 sec <<< FAILURE!
testGeneraLink(GruppoPBDMNG_6.PithyURL.Util.ShortLinkGeneratorTest)  Time elapsed: 0.233 sec  <<< ERROR!
com.mongodb.MongoException$Network: Read operation to server localhost/127.0.0.1:27017 failed on database pithy_url
	at com.mongodb.DBTCPConnector.innerCall(DBTCPConnector.java:253)
	at com.mongodb.DBTCPConnector.call(DBTCPConnector.java:216)
	at com.mongodb.DBApiLayer$MyCollection.__find(DBApiLayer.java:288)
	at com.mongodb.DBApiLayer$MyCollection.__find(DBApiLayer.java:273)
	at com.mongodb.DBCollection.findOne(DBCollection.java:728)
	at com.mongodb.DBCollection.findOne(DBCollection.java:670)
	at GruppoPBDMNG_6.PithyURL.DataAccess.MongoDBDAO.checkLinkGen(MongoDBDAO.java:168)
	at GruppoPBDMNG_6.PithyURL.DataAccess.MongoDBDAO.initilizeDB(MongoDBDAO.java:179)
	at GruppoPBDMNG_6.PithyURL.DataAccess.MongoDBDAO.<init>(MongoDBDAO.java:31)
	at GruppoPBDMNG_6.PithyURL.Util.ShortLinkGeneratorTest.setUp(ShortLinkGeneratorTest.java:20)
	at sun.reflect.NativeMethodAccessorImpl.invoke0(Native Method)
	at sun.reflect.NativeMethodAccessorImpl.invoke(NativeMethodAccessorImpl.java:62)
	at sun.reflect.DelegatingMethodAccessorImpl.invoke(DelegatingMethodAccessorImpl.java:43)
	at java.lang.reflect.Method.invoke(Method.java:483)
	at org.junit.runners.model.FrameworkMethod$1.runReflectiveCall(FrameworkMethod.java:50)
	at org.junit.internal.runners.model.ReflectiveCallable.run(ReflectiveCallable.java:12)
	at org.junit.runners.model.FrameworkMethod.invokeExplosively(FrameworkMethod.java:47)
	at org.junit.internal.runners.statements.RunBefores.evaluate(RunBefores.java:24)
	at org.junit.internal.runners.statements.RunAfters.evaluate(RunAfters.java:27)
	at org.junit.runners.ParentRunner.runLeaf(ParentRunner.java:325)
	at org.junit.runners.BlockJUnit4ClassRunner.runChild(BlockJUnit4ClassRunner.java:78)
	at org.junit.runners.BlockJUnit4ClassRunner.runChild(BlockJUnit4ClassRunner.java:57)
	at org.junit.runners.ParentRunner$3.run(ParentRunner.java:290)
	at org.junit.runners.ParentRunner$1.schedule(ParentRunner.java:71)
	at org.junit.runners.ParentRunner.runChildren(ParentRunner.java:288)
	at org.junit.runners.ParentRunner.access$000(ParentRunner.java:58)
	at org.junit.runners.ParentRunner$2.evaluate(ParentRunner.java:268)
	at org.junit.runners.ParentRunner.run(ParentRunner.java:363)
	at org.apache.maven.surefire.junit4.JUnit4TestSet.execute(JUnit4TestSet.java:53)
	at org.apache.maven.surefire.junit4.JUnit4Provider.executeTestSet(JUnit4Provider.java:123)
	at org.apache.maven.surefire.junit4.JUnit4Provider.invoke(JUnit4Provider.java:104)
	at sun.reflect.NativeMethodAccessorImpl.invoke0(Native Method)
	at sun.reflect.NativeMethodAccessorImpl.invoke(NativeMethodAccessorImpl.java:62)
	at sun.reflect.DelegatingMethodAccessorImpl.invoke(DelegatingMethodAccessorImpl.java:43)
	at java.lang.reflect.Method.invoke(Method.java:483)
	at org.apache.maven.surefire.util.ReflectionUtils.invokeMethodWithArray(ReflectionUtils.java:164)
	at org.apache.maven.surefire.booter.ProviderFactory$ProviderProxy.invoke(ProviderFactory.java:110)
	at org.apache.maven.surefire.booter.SurefireStarter.invokeProvider(SurefireStarter.java:175)
	at org.apache.maven.surefire.booter.SurefireStarter.runSuitesInProcessWhenForked(SurefireStarter.java:107)
	at org.apache.maven.surefire.booter.ForkedBooter.main(ForkedBooter.java:68)
Caused by: java.net.SocketException: Connection reset
	at java.net.SocketInputStream.read(SocketInputStream.java:189)
	at java.net.SocketInputStream.read(SocketInputStream.java:121)
	at java.io.BufferedInputStream.fill(BufferedInputStream.java:246)
	at java.io.BufferedInputStream.read1(BufferedInputStream.java:286)
	at java.io.BufferedInputStream.read(BufferedInputStream.java:345)
	at org.bson.io.Bits.readFully(Bits.java:46)
	at org.bson.io.Bits.readFully(Bits.java:33)
	at org.bson.io.Bits.readFully(Bits.java:28)
	at com.mongodb.Response.<init>(Response.java:40)
	at com.mongodb.DBPort.go(DBPort.java:142)
	at com.mongodb.DBPort.call(DBPort.java:92)
	at com.mongodb.DBTCPConnector.innerCall(DBTCPConnector.java:244)
	... 39 more
